<?xml version="1.0" encoding="UTF-8"?>
<testsuite name="com.example.search.SearchRoutesTest" tests="5" skipped="0" failures="0" errors="0" timestamp="2026-07-04T20:39:41.091Z" hostname="runnervmmklqx" time="1.091">
  <properties/>
  <testcase name="search propagates MeiliSearch errors as 502()" classname="com.example.search.SearchRoutesTest" time="0.839"/>
  <testcase name="fetch returns document by id()" classname="com.example.search.SearchRoutesTest" time="0.04"/>
  <testcase name="suggest returns top hits()" classname="com.example.search.SearchRoutesTest" time="0.024"/>
  <testcase name="search returns results from MeiliSearch()" classname="com.example.search.SearchRoutesTest" time="0.067"/>
  <testcase name="fetch returns 404 when document not found()" classname="com.example.search.SearchRoutesTest" time="0.012"/>
  <system-out><![CDATA[20:39:41.882 [DefaultDispatcher-worker-2 @call-context#3] INFO  io.ktor.test - No ktor.deployment.watch patterns specified, automatic reload is not active.
20:39:41.912 [DefaultDispatcher-worker-2 @call-context#3] INFO  io.ktor.test - Application started in 0.041 seconds.
20:39:41.914 [DefaultDispatcher-worker-1 @coroutine#4] INFO  io.ktor.test - Responding at http://localhost:80
20:39:41.915 [DefaultDispatcher-worker-1 @coroutine#4] INFO  io.ktor.test - Responding at https://localhost:443
20:39:41.978 [DefaultDispatcher-worker-2 @request#3] WARN  MeiliClient - MeiliSearch search error on index=movies status=500: {"message":"Internal error"}
20:39:41.979 [DefaultDispatcher-worker-2 @request#3] WARN  SearchRoutes - Search failed: {"message":"Internal error"}
20:39:42.044 [DefaultDispatcher-worker-2 @call-context#21] INFO  io.ktor.test - No ktor.deployment.watch patterns specified, automatic reload is not active.
20:39:42.045 [DefaultDispatcher-worker-2 @call-context#21] INFO  io.ktor.test - Application started in 0.002 seconds.
20:39:42.045 [DefaultDispatcher-worker-4 @coroutine#22] INFO  io.ktor.test - Responding at http://localhost:80
20:39:42.045 [DefaultDispatcher-worker-4 @coroutine#22] INFO  io.ktor.test - Responding at https://localhost:443
20:39:42.084 [DefaultDispatcher-worker-1 @call-context#39] INFO  io.ktor.test - No ktor.deployment.watch patterns specified, automatic reload is not active.
20:39:42.085 [DefaultDispatcher-worker-1 @call-context#39] INFO  io.ktor.test - Application started in 0.002 seconds.
20:39:42.085 [DefaultDispatcher-worker-2 @coroutine#40] INFO  io.ktor.test - Responding at http://localhost:80
20:39:42.085 [DefaultDispatcher-worker-2 @coroutine#40] INFO  io.ktor.test - Responding at https://localhost:443
20:39:42.108 [DefaultDispatcher-worker-2 @call-context#57] INFO  io.ktor.test - No ktor.deployment.watch patterns specified, automatic reload is not active.
20:39:42.109 [DefaultDispatcher-worker-2 @call-context#57] INFO  io.ktor.test - Application started in 0.001 seconds.
20:39:42.109 [DefaultDispatcher-worker-1 @coroutine#58] INFO  io.ktor.test - Responding at http://localhost:80
20:39:42.109 [DefaultDispatcher-worker-1 @coroutine#58] INFO  io.ktor.test - Responding at https://localhost:443
20:39:42.175 [DefaultDispatcher-worker-4 @call-context#75] INFO  io.ktor.test - No ktor.deployment.watch patterns specified, automatic reload is not active.
20:39:42.176 [DefaultDispatcher-worker-4 @call-context#75] INFO  io.ktor.test - Application started in 0.002 seconds.
20:39:42.176 [DefaultDispatcher-worker-2 @coroutine#76] INFO  io.ktor.test - Responding at http://localhost:80
20:39:42.176 [DefaultDispatcher-worker-2 @coroutine#76] INFO  io.ktor.test - Responding at https://localhost:443
]]></system-out>
  <system-err><![CDATA[]]></system-err>
</testsuite>
